<?xml version="1.0" encoding="UTF-8"?>
<testsuite xmlns:xsi="http://www.w3.org/2001/XMLSchema-instance" xsi:noNamespaceSchemaLocation="https://maven.apache.org/surefire/maven-surefire-plugin/xsd/surefire-test-report.xsd" name="cucumber.options.TestRunner" time="20.8" tests="3" errors="0" skipped="0" failures="0">
  <properties>
[...]
</properties>
  <testcase name="Verify if Booking is being successfully added using BookingAPI" classname="Validating Booking API" time="13.031"/>
  <testcase name="Verify if Booking is being successfully updated using PutBookingAPI" classname="Validating Booking API" time="2.893"/>
  <testcase name="Verify if Booking is being successfully deleted using DeleteBookingAPI" classname="Validating Booking API" time="2.657"/>
</testsuite>